Geocoding /projects/julo9057/snowex_uavsar_coherence/data/snowex_lowman/raw/lowman_05208_20002_006_200131_L090VV_01_BU_s2_2x8.slc
Using preloaded weights from /projects/julo9057/snowex_uavsar_coherence/data/snowex_lowman/lowman_05208_weights.npz
Calling geolocate_uavsar
Interpolating /projects/julo9057/snowex_uavsar_coherence/data/snowex_lowman/raw/lowman_05208_20002_006_200131_L090VV_01_BU_s2_2x8.slc to target grid...
Saved two-band GeoTIFF to /projects/julo9057/snowex_uavsar_coherence/data/snowex_lowman/geocoded/lowman_05208_20002_006_200131_L090VV_01_BU_s2_2x8_geoslc.tif
Geocoding /projects/julo9057/snowex_uavsar_coherence/data/snowex_lowman/raw/lowman_05208_20007_002_200213_L090VV_01_BU_s2_2x8.slc
Using preloaded weights from /projects/julo9057/snowex_uavsar_coherence/data/snowex_lowman/lowman_05208_weights.npz
Calling geolocate_uavsar
Interpolating /projects/julo9057/snowex_uavsar_coherence/data/snowex_lowman/raw/lowman_05208_20007_002_200213_L090VV_01_BU_s2_2x8.slc to target grid...
Saved two-band GeoTIFF to /projects/julo9057/snowex_uavsar_coherence/data/snowex_lowman/geocoded/lowman_05208_20007_002_200213_L090VV_01_BU_s2_2x8_geoslc.tif
Geocoding /projects/julo9057/snowex_uavsar_coherence/data/snowex_lowman/raw/lowman_05208_20011_002_200221_L090VV_01_BU_s2_2x8.slc
Using preloaded weights from /projects/julo9057/snowex_uavsar_coherence/data/snowex_lowman/lowman_05208_weights.npz
Calling geolocate_uavsar
Interpolating /projects/julo9057/snowex_uavsar_coherence/data/snowex_lowman/raw/lowman_05208_20011_002_200221_L090VV_01_BU_s2_2x8.slc to target grid...
Saved two-band GeoTIFF to /projects/julo9057/snowex_uavsar_coherence/data/snowex_lowman/geocoded/lowman_05208_20011_002_200221_L090VV_01_BU_s2_2x8_geoslc.tif
Geocoding /projects/julo9057/snowex_uavsar_coherence/data/snowex_lowman/raw/lowman_05208_20016_003_200311_L090VV_01_BU_s2_2x8.slc
Using preloaded weights from /projects/julo9057/snowex_uavsar_coherence/data/snowex_lowman/lowman_05208_weights.npz
Calling geolocate_uavsar
Interpolating /projects/julo9057/snowex_uavsar_coherence/data/snowex_lowman/raw/lowman_05208_20016_003_200311_L090VV_01_BU_s2_2x8.slc to target grid...
Saved two-band GeoTIFF to /projects/julo9057/snowex_uavsar_coherence/data/snowex_lowman/geocoded/lowman_05208_20016_003_200311_L090VV_01_BU_s2_2x8_geoslc.tif
Geocoding /projects/julo9057/snowex_uavsar_coherence/data/snowex_lowman/raw/lowman_05208_21009_005_210203_L090VV_01_BU_s2_2x8.slc
Using preloaded weights from /projects/julo9057/snowex_uavsar_coherence/data/snowex_lowman/lowman_05208_weights.npz
Calling geolocate_uavsar
Interpolating /projects/julo9057/snowex_uavsar_coherence/data/snowex_lowman/raw/lowman_05208_21009_005_210203_L090VV_01_BU_s2_2x8.slc to target grid...
Saved two-band GeoTIFF to /projects/julo9057/snowex_uavsar_coherence/data/snowex_lowman/geocoded/lowman_05208_21009_005_210203_L090VV_01_BU_s2_2x8_geoslc.tif
Geocoding /projects/julo9057/snowex_uavsar_coherence/data/snowex_lowman/raw/lowman_05208_21012_004_210210_L090VV_01_BU_s2_2x8.slc
Using preloaded weights from /projects/julo9057/snowex_uavsar_coherence/data/snowex_lowman/lowman_05208_weights.npz
Calling geolocate_uavsar
Interpolating /projects/julo9057/snowex_uavsar_coherence/data/snowex_lowman/raw/lowman_05208_21012_004_210210_L090VV_01_BU_s2_2x8.slc to target grid...
Saved two-band GeoTIFF to /projects/julo9057/snowex_uavsar_coherence/data/snowex_lowman/geocoded/lowman_05208_21012_004_210210_L090VV_01_BU_s2_2x8_geoslc.tif
Geocoding /projects/julo9057/snowex_uavsar_coherence/data/snowex_lowman/raw/lowman_05208_21015_009_210303_L090VV_01_BU_s2_2x8.slc
Using preloaded weights from /projects/julo9057/snowex_uavsar_coherence/data/snowex_lowman/lowman_05208_weights.npz
Calling geolocate_uavsar
Interpolating /projects/julo9057/snowex_uavsar_coherence/data/snowex_lowman/raw/lowman_05208_21015_009_210303_L090VV_01_BU_s2_2x8.slc to target grid...
Saved two-band GeoTIFF to /projects/julo9057/snowex_uavsar_coherence/data/snowex_lowman/geocoded/lowman_05208_21015_009_210303_L090VV_01_BU_s2_2x8_geoslc.tif
Geocoding /projects/julo9057/snowex_uavsar_coherence/data/snowex_lowman/raw/lowman_05208_21017_019_210310_L090VV_01_BU_s2_2x8.slc
Using preloaded weights from /projects/julo9057/snowex_uavsar_coherence/data/snowex_lowman/lowman_05208_weights.npz
Calling geolocate_uavsar
Interpolating /projects/julo9057/snowex_uavsar_coherence/data/snowex_lowman/raw/lowman_05208_21017_019_210310_L090VV_01_BU_s2_2x8.slc to target grid...
Saved two-band GeoTIFF to /projects/julo9057/snowex_uavsar_coherence/data/snowex_lowman/geocoded/lowman_05208_21017_019_210310_L090VV_01_BU_s2_2x8_geoslc.tif
Geocoding /projects/julo9057/snowex_uavsar_coherence/data/snowex_lowman/raw/lowman_05208_21019_019_210316_L090VV_01_BU_s2_2x8.slc
Using preloaded weights from /projects/julo9057/snowex_uavsar_coherence/data/snowex_lowman/lowman_05208_weights.npz
Calling geolocate_uavsar
Interpolating /projects/julo9057/snowex_uavsar_coherence/data/snowex_lowman/raw/lowman_05208_21019_019_210316_L090VV_01_BU_s2_2x8.slc to target grid...
Saved two-band GeoTIFF to /projects/julo9057/snowex_uavsar_coherence/data/snowex_lowman/geocoded/lowman_05208_21019_019_210316_L090VV_01_BU_s2_2x8_geoslc.tif
Geocoding /projects/julo9057/snowex_uavsar_coherence/data/snowex_lowman/raw/lowman_05208_21021_007_210322_L090VV_01_BU_s2_2x8.slc
Using preloaded weights from /projects/julo9057/snowex_uavsar_coherence/data/snowex_lowman/lowman_05208_weights.npz
Calling geolocate_uavsar
Interpolating /projects/julo9057/snowex_uavsar_coherence/data/snowex_lowman/raw/lowman_05208_21021_007_210322_L090VV_01_BU_s2_2x8.slc to target grid...
Saved two-band GeoTIFF to /projects/julo9057/snowex_uavsar_coherence/data/snowex_lowman/geocoded/lowman_05208_21021_007_210322_L090VV_01_BU_s2_2x8_geoslc.tif
