Geocoding /projects/julo9057/snowex_uavsar_coherence/data/snowex_lowman/raw/lowman_23205_20002_007_200131_L090VV_01_BC_s2_2x8.slc
Using preloaded weights from /projects/julo9057/snowex_uavsar_coherence/data/snowex_lowman/lowman_23205_weights.npz
Calling geolocate_uavsar
Interpolating /projects/julo9057/snowex_uavsar_coherence/data/snowex_lowman/raw/lowman_23205_20002_007_200131_L090VV_01_BC_s2_2x8.slc to target grid...
Saved two-band GeoTIFF to /projects/julo9057/snowex_uavsar_coherence/data/snowex_lowman/geocoded/lowman_23205_20002_007_200131_L090VV_01_BC_s2_2x8_geoslc.tif
Geocoding /projects/julo9057/snowex_uavsar_coherence/data/snowex_lowman/raw/lowman_23205_20007_003_200213_L090VV_01_BC_s2_2x8.slc
Using preloaded weights from /projects/julo9057/snowex_uavsar_coherence/data/snowex_lowman/lowman_23205_weights.npz
Calling geolocate_uavsar
Interpolating /projects/julo9057/snowex_uavsar_coherence/data/snowex_lowman/raw/lowman_23205_20007_003_200213_L090VV_01_BC_s2_2x8.slc to target grid...
Saved two-band GeoTIFF to /projects/julo9057/snowex_uavsar_coherence/data/snowex_lowman/geocoded/lowman_23205_20007_003_200213_L090VV_01_BC_s2_2x8_geoslc.tif
Geocoding /projects/julo9057/snowex_uavsar_coherence/data/snowex_lowman/raw/lowman_23205_20011_003_200221_L090VV_01_BC_s2_2x8.slc
Using preloaded weights from /projects/julo9057/snowex_uavsar_coherence/data/snowex_lowman/lowman_23205_weights.npz
Calling geolocate_uavsar
Interpolating /projects/julo9057/snowex_uavsar_coherence/data/snowex_lowman/raw/lowman_23205_20011_003_200221_L090VV_01_BC_s2_2x8.slc to target grid...
Saved two-band GeoTIFF to /projects/julo9057/snowex_uavsar_coherence/data/snowex_lowman/geocoded/lowman_23205_20011_003_200221_L090VV_01_BC_s2_2x8_geoslc.tif
Geocoding /projects/julo9057/snowex_uavsar_coherence/data/snowex_lowman/raw/lowman_23205_20016_004_200311_L090VV_01_BC_s2_2x8.slc
Using preloaded weights from /projects/julo9057/snowex_uavsar_coherence/data/snowex_lowman/lowman_23205_weights.npz
Calling geolocate_uavsar
Interpolating /projects/julo9057/snowex_uavsar_coherence/data/snowex_lowman/raw/lowman_23205_20016_004_200311_L090VV_01_BC_s2_2x8.slc to target grid...
Saved two-band GeoTIFF to /projects/julo9057/snowex_uavsar_coherence/data/snowex_lowman/geocoded/lowman_23205_20016_004_200311_L090VV_01_BC_s2_2x8_geoslc.tif
Geocoding /projects/julo9057/snowex_uavsar_coherence/data/snowex_lowman/raw/lowman_23205_21002_004_210115_L090VV_01_BC_s2_2x8.slc
Using preloaded weights from /projects/julo9057/snowex_uavsar_coherence/data/snowex_lowman/lowman_23205_weights.npz
Calling geolocate_uavsar
Interpolating /projects/julo9057/snowex_uavsar_coherence/data/snowex_lowman/raw/lowman_23205_21002_004_210115_L090VV_01_BC_s2_2x8.slc to target grid...
Saved two-band GeoTIFF to /projects/julo9057/snowex_uavsar_coherence/data/snowex_lowman/geocoded/lowman_23205_21002_004_210115_L090VV_01_BC_s2_2x8_geoslc.tif
Geocoding /projects/julo9057/snowex_uavsar_coherence/data/snowex_lowman/raw/lowman_23205_21004_003_210120_L090VV_01_BC_s2_2x8.slc
Using preloaded weights from /projects/julo9057/snowex_uavsar_coherence/data/snowex_lowman/lowman_23205_weights.npz
Calling geolocate_uavsar
Interpolating /projects/julo9057/snowex_uavsar_coherence/data/snowex_lowman/raw/lowman_23205_21004_003_210120_L090VV_01_BC_s2_2x8.slc to target grid...
Saved two-band GeoTIFF to /projects/julo9057/snowex_uavsar_coherence/data/snowex_lowman/geocoded/lowman_23205_21004_003_210120_L090VV_01_BC_s2_2x8_geoslc.tif
Geocoding /projects/julo9057/snowex_uavsar_coherence/data/snowex_lowman/raw/lowman_23205_21008_000_210127_L090VV_01_BC_s2_2x8.slc
Using preloaded weights from /projects/julo9057/snowex_uavsar_coherence/data/snowex_lowman/lowman_23205_weights.npz
Calling geolocate_uavsar
Interpolating /projects/julo9057/snowex_uavsar_coherence/data/snowex_lowman/raw/lowman_23205_21008_000_210127_L090VV_01_BC_s2_2x8.slc to target grid...
Saved two-band GeoTIFF to /projects/julo9057/snowex_uavsar_coherence/data/snowex_lowman/geocoded/lowman_23205_21008_000_210127_L090VV_01_BC_s2_2x8_geoslc.tif
Geocoding /projects/julo9057/snowex_uavsar_coherence/data/snowex_lowman/raw/lowman_23205_21009_004_210203_L090VV_01_BC_s2_2x8.slc
Using preloaded weights from /projects/julo9057/snowex_uavsar_coherence/data/snowex_lowman/lowman_23205_weights.npz
Calling geolocate_uavsar
Interpolating /projects/julo9057/snowex_uavsar_coherence/data/snowex_lowman/raw/lowman_23205_21009_004_210203_L090VV_01_BC_s2_2x8.slc to target grid...
Saved two-band GeoTIFF to /projects/julo9057/snowex_uavsar_coherence/data/snowex_lowman/geocoded/lowman_23205_21009_004_210203_L090VV_01_BC_s2_2x8_geoslc.tif
Geocoding /projects/julo9057/snowex_uavsar_coherence/data/snowex_lowman/raw/lowman_23205_21012_000_210210_L090VV_01_BC_s2_2x8.slc
Using preloaded weights from /projects/julo9057/snowex_uavsar_coherence/data/snowex_lowman/lowman_23205_weights.npz
Calling geolocate_uavsar
Interpolating /projects/julo9057/snowex_uavsar_coherence/data/snowex_lowman/raw/lowman_23205_21012_000_210210_L090VV_01_BC_s2_2x8.slc to target grid...
Saved two-band GeoTIFF to /projects/julo9057/snowex_uavsar_coherence/data/snowex_lowman/geocoded/lowman_23205_21012_000_210210_L090VV_01_BC_s2_2x8_geoslc.tif
Geocoding /projects/julo9057/snowex_uavsar_coherence/data/snowex_lowman/raw/lowman_23205_21015_008_210303_L090VV_01_BC_s2_2x8.slc
Using preloaded weights from /projects/julo9057/snowex_uavsar_coherence/data/snowex_lowman/lowman_23205_weights.npz
Calling geolocate_uavsar
Interpolating /projects/julo9057/snowex_uavsar_coherence/data/snowex_lowman/raw/lowman_23205_21015_008_210303_L090VV_01_BC_s2_2x8.slc to target grid...
Saved two-band GeoTIFF to /projects/julo9057/snowex_uavsar_coherence/data/snowex_lowman/geocoded/lowman_23205_21015_008_210303_L090VV_01_BC_s2_2x8_geoslc.tif
Geocoding /projects/julo9057/snowex_uavsar_coherence/data/snowex_lowman/raw/lowman_23205_21017_018_210310_L090VV_01_BC_s2_2x8.slc
Using preloaded weights from /projects/julo9057/snowex_uavsar_coherence/data/snowex_lowman/lowman_23205_weights.npz
Calling geolocate_uavsar
Interpolating /projects/julo9057/snowex_uavsar_coherence/data/snowex_lowman/raw/lowman_23205_21017_018_210310_L090VV_01_BC_s2_2x8.slc to target grid...
Saved two-band GeoTIFF to /projects/julo9057/snowex_uavsar_coherence/data/snowex_lowman/geocoded/lowman_23205_21017_018_210310_L090VV_01_BC_s2_2x8_geoslc.tif
Geocoding /projects/julo9057/snowex_uavsar_coherence/data/snowex_lowman/raw/lowman_23205_21019_018_210316_L090VV_01_BC_s2_2x8.slc
Using preloaded weights from /projects/julo9057/snowex_uavsar_coherence/data/snowex_lowman/lowman_23205_weights.npz
Calling geolocate_uavsar
Interpolating /projects/julo9057/snowex_uavsar_coherence/data/snowex_lowman/raw/lowman_23205_21019_018_210316_L090VV_01_BC_s2_2x8.slc to target grid...
Saved two-band GeoTIFF to /projects/julo9057/snowex_uavsar_coherence/data/snowex_lowman/geocoded/lowman_23205_21019_018_210316_L090VV_01_BC_s2_2x8_geoslc.tif
Geocoding /projects/julo9057/snowex_uavsar_coherence/data/snowex_lowman/raw/lowman_23205_21021_006_210322_L090VV_01_BC_s2_2x8.slc
Using preloaded weights from /projects/julo9057/snowex_uavsar_coherence/data/snowex_lowman/lowman_23205_weights.npz
Calling geolocate_uavsar
Interpolating /projects/julo9057/snowex_uavsar_coherence/data/snowex_lowman/raw/lowman_23205_21021_006_210322_L090VV_01_BC_s2_2x8.slc to target grid...
Saved two-band GeoTIFF to /projects/julo9057/snowex_uavsar_coherence/data/snowex_lowman/geocoded/lowman_23205_21021_006_210322_L090VV_01_BC_s2_2x8_geoslc.tif
